<?xml version="1.0" encoding="UTF-8" standalone="yes"?>
<ns2:test-suite start="1571506135031" stop="1571506135042" version="1.4.15" xmlns:ns2="urn:model.allure.qatools.yandex.ru">
    <name>Verify invalid login's for multiple users. | email@111.222.333.44444 |</name>
    <title>Verify invalid login's for multiple users. | email@111.222.333.44444 |</title>
    <test-cases>
        <test-case start="1571506135033" stop="1571506135034" status="broken">
            <name>Given I am on home page</name>
            <title>Given I am on home page</title>
            <failure>
                <message>NoSuchWindowException: no such window: target window already closed
from unknown error: web view not found
  (Session info: chrome=77.0.3865.120)
Build info: version: '3.14.0', revision: 'aacccce0', time: '2018-08-02T20:19:58.91Z'
System info: host: 'HAsif', ip: '2604:2000:1405:73d:0:0:0:a6c%en0', os.name: 'Mac OS X', os.arch: 'x86_64', os.version: '10.14.6', java.version: '1.8.0_222'
Driver info: org.openqa.selenium.chrome.ChromeDriver
Capabilities {acceptInsecureCerts: false, browserName: chrome, browserVersion: 77.0.3865.120, chrome: {chromedriverVersion: 77.0.3865.40 (f484704e052e0..., userDataDir: /var/folders/79/28_0w2wj6_v...}, goog:chromeOptions: {debuggerAddress: localhost:64529}, javascriptEnabled: true, networkConnectionEnabled: false, pageLoadStrategy: normal, platform: MAC, platformName: MAC, proxy: Proxy(), setWindowRect: true, strictFileInteractability: false, timeouts: {implicit: 0, pageLoad: 300000, script: 30000}, unhandledPromptBehavior: dismiss and notify}
Session ID: 400cea2c5cb3836016f3bb51764d888c</message>
                <stack-trace>org.openqa.selenium.NoSuchWindowException: no such window: target window already closed
from unknown error: web view not found
  (Session info: chrome=77.0.3865.120)
Build info: version: '3.14.0', revision: 'aacccce0', time: '2018-08-02T20:19:58.91Z'
System info: host: 'HAsif', ip: '2604:2000:1405:73d:0:0:0:a6c%en0', os.name: 'Mac OS X', os.arch: 'x86_64', os.version: '10.14.6', java.version: '1.8.0_222'
Driver info: org.openqa.selenium.chrome.ChromeDriver
Capabilities {acceptInsecureCerts: false, browserName: chrome, browserVersion: 77.0.3865.120, chrome: {chromedriverVersion: 77.0.3865.40 (f484704e052e0..., userDataDir: /var/folders/79/28_0w2wj6_v...}, goog:chromeOptions: {debuggerAddress: localhost:64529}, javascriptEnabled: true, networkConnectionEnabled: false, pageLoadStrategy: normal, platform: MAC, platformName: MAC, proxy: Proxy(), setWindowRect: true, strictFileInteractability: false, timeouts: {implicit: 0, pageLoad: 300000, script: 30000}, unhandledPromptBehavior: dismiss and notify}
Session ID: 400cea2c5cb3836016f3bb51764d888c
	at sun.reflect.NativeConstructorAccessorImpl.newInstance0(Native Method)
	at sun.reflect.NativeConstructorAccessorImpl.newInstance(NativeConstructorAccessorImpl.java:62)
	at sun.reflect.DelegatingConstructorAccessorImpl.newInstance(DelegatingConstructorAccessorImpl.java:45)
	at java.lang.reflect.Constructor.newInstance(Constructor.java:423)
	at org.openqa.selenium.remote.http.W3CHttpResponseCodec.createException(W3CHttpResponseCodec.java:187)
	at org.openqa.selenium.remote.http.W3CHttpResponseCodec.decode(W3CHttpResponseCodec.java:122)
	at org.openqa.selenium.remote.http.W3CHttpResponseCodec.decode(W3CHttpResponseCodec.java:49)
	at org.openqa.selenium.remote.HttpCommandExecutor.execute(HttpCommandExecutor.java:158)
	at org.openqa.selenium.remote.service.DriverCommandExecutor.execute(DriverCommandExecutor.java:83)
	at org.openqa.selenium.remote.RemoteWebDriver.execute(RemoteWebDriver.java:548)
	at org.openqa.selenium.remote.RemoteWebDriver.execute(RemoteWebDriver.java:605)
	at org.openqa.selenium.remote.RemoteWebDriver.getTitle(RemoteWebDriver.java:280)
	at stepdefinition.LoginSD.iAmOnHomePage(LoginSD.java:20)
	at âœ½.Given I am on home page(homework.feature:5)
</stack-trace>
            </failure>
            <steps/>
            <attachments/>
            <labels>
                <label name="host" value="HAsif"/>
                <label name="thread" value="4510@HAsif.main(1)"/>
            </labels>
        </test-case>
        <test-case start="1571506135036" stop="1571506135036" status="pending">
            <name>When I enter Huma into firstname text fields on home screen</name>
            <title>When I enter Huma into firstname text fields on home screen</title>
            <failure>
                <message>Test ignored (without reason)!</message>
                <stack-trace>There are no stack trace</stack-trace>
            </failure>
            <steps/>
            <attachments/>
            <labels>
                <label name="host" value="HAsif"/>
                <label name="thread" value="4510@HAsif.main(1)"/>
            </labels>
        </test-case>
        <test-case start="1571506135036" stop="1571506135036" status="pending">
            <name>And I enter Asif into lastname text fields on home screen</name>
            <title>And I enter Asif into lastname text fields on home screen</title>
            <failure>
                <message>Test ignored (without reason)!</message>
                <stack-trace>There are no stack trace</stack-trace>
            </failure>
            <steps/>
            <attachments/>
            <labels>
                <label name="host" value="HAsif"/>
                <label name="thread" value="4510@HAsif.main(1)"/>
            </labels>
        </test-case>
        <test-case start="1571506135037" stop="1571506135037" status="pending">
            <name>And I enter email@111.222.333.44444 into mobile number text fields on home screen</name>
            <title>And I enter email@111.222.333.44444 into mobile number text fields on home screen</title>
            <failure>
                <message>Test ignored (without reason)!</message>
                <stack-trace>There are no stack trace</stack-trace>
            </failure>
            <steps/>
            <attachments/>
            <labels>
                <label name="host" value="HAsif"/>
                <label name="thread" value="4510@HAsif.main(1)"/>
            </labels>
        </test-case>
        <test-case start="1571506135037" stop="1571506135037" status="pending">
            <name>And I click on new password button on home screen</name>
            <title>And I click on new password button on home screen</title>
            <failure>
                <message>Test ignored (without reason)!</message>
                <stack-trace>There are no stack trace</stack-trace>
            </failure>
            <steps/>
            <attachments/>
            <labels>
                <label name="host" value="HAsif"/>
                <label name="thread" value="4510@HAsif.main(1)"/>
            </labels>
        </test-case>
    </test-cases>
    <labels>
        <label name="story" value="Verify invalid login's for multiple users. | email@111.222.333.44444 |"/>
        <label name="feature" value="Homework"/>
        <label name="framework" value="CucumberJVM"/>
        <label name="language" value="JAVA"/>
    </labels>
</ns2:test-suite>
